<?xml version="1.0" encoding="UTF-8"?>
<!-- Generated by org.testng.reporters.JUnitXMLReporter -->
<testsuite ignored="0" hostname="LAPTOP-3BL16AQ1" failures="0" tests="6" name="Test" time="24.143" errors="0" timestamp="2024-04-22T18:06:52 IST">
  <testcase classname="TestNg.TC_1_LoginToOrangeHRM_Edge" name="enterUsername" time="8.678"/>
  <testcase classname="TestNg.TC_1_LoginToOrangeHRM_Edge" name="enterPassword" time="0.32"/>
  <testcase classname="TestNg.TC_1_LoginToOrangeHRM_Edge" name="clickLogin" time="1.998"/>
  <testcase classname="TestNg.TC_1_LoginToOrangeHRM" name="enterUsername" time="2.132"/>
  <testcase classname="TestNg.TC_1_LoginToOrangeHRM" name="enterPassword" time="0.29"/>
  <testcase classname="TestNg.TC_1_LoginToOrangeHRM" name="clickLogin" time="1.627"/>
</testsuite> <!-- Test -->
