<?xml version="1.0" encoding="UTF-8"?>
<testng-results ignored="0" total="2" passed="2" failed="0" skipped="0">
  <reporter-output>
  </reporter-output>
  <suite started-at="2024-04-27T18:23:42 IST" name="Default suite" finished-at="2024-04-27T18:23:59 IST" duration-ms="16396">
    <groups>
    </groups>
    <test started-at="2024-04-27T18:23:42 IST" name="Default test" finished-at="2024-04-27T18:23:59 IST" duration-ms="16396">
      <class name="ExtentReports.ExtentReportExample2">
        <test-method is-config="true" signature="startTest()[pri:0, instance:ExtentReports.ExtentReportExample2@34a3d150]" started-at="2024-04-27T18:23:41 IST" name="startTest" finished-at="2024-04-27T18:23:42 IST" duration-ms="853" status="PASS">
          <reporter-output>
          </reporter-output>
        </test-method> <!-- startTest -->
        <test-method is-config="true" signature="launchBrowser()[pri:0, instance:ExtentReports.ExtentReportExample2@34a3d150]" started-at="2024-04-27T18:23:42 IST" name="launchBrowser" finished-at="2024-04-27T18:23:50 IST" duration-ms="7500" status="PASS">
          <reporter-output>
          </reporter-output>
        </test-method> <!-- launchBrowser -->
        <test-method is-config="true" signature="launcURL()[pri:0, instance:ExtentReports.ExtentReportExample2@34a3d150]" started-at="2024-04-27T18:23:50 IST" name="launcURL" finished-at="2024-04-27T18:23:51 IST" duration-ms="1087" status="PASS">
          <reporter-output>
          </reporter-output>
        </test-method> <!-- launcURL -->
        <test-method signature="loginToOrangeHRM()[pri:1, instance:ExtentReports.ExtentReportExample2@34a3d150]" started-at="2024-04-27T18:23:51 IST" name="loginToOrangeHRM" finished-at="2024-04-27T18:23:56 IST" duration-ms="5579" status="PASS">
          <reporter-output>
          </reporter-output>
        </test-method> <!-- loginToOrangeHRM -->
        <test-method signature="clickLogout()[pri:2, instance:ExtentReports.ExtentReportExample2@34a3d150]" started-at="2024-04-27T18:23:56 IST" name="clickLogout" finished-at="2024-04-27T18:23:57 IST" duration-ms="680" status="PASS">
          <reporter-output>
          </reporter-output>
        </test-method> <!-- clickLogout -->
        <test-method is-config="true" signature="endTest()[pri:0, instance:ExtentReports.ExtentReportExample2@34a3d150]" started-at="2024-04-27T18:23:57 IST" name="endTest" finished-at="2024-04-27T18:23:59 IST" duration-ms="1447" status="PASS">
          <reporter-output>
          </reporter-output>
        </test-method> <!-- endTest -->
        <test-method is-config="true" signature="closeBrowser()[pri:0, instance:ExtentReports.ExtentReportExample2@34a3d150]" started-at="2024-04-27T18:23:59 IST" name="closeBrowser" finished-at="2024-04-27T18:24:00 IST" duration-ms="1572" status="PASS">
          <reporter-output>
          </reporter-output>
        </test-method> <!-- closeBrowser -->
      </class> <!-- ExtentReports.ExtentReportExample2 -->
    </test> <!-- Default test -->
  </suite> <!-- Default suite -->
</testng-results>
